04:11:44.318 [main] INFO  com.pages.PageBase - openSite - https://gdcloud.ru/release-17/
04:11:47.662 [main] INFO  com.TestBase -  ***** loginPositiveTest - test started
04:11:47.663 [main] INFO  com.pages.PageBase - inputLogin - tester
04:11:47.932 [main] INFO  com.pages.PageBase - inputPassword - K35G3U
04:11:48.178 [main] INFO  com.pages.PageBase - clickOnEnterButton --->|
04:11:48.271 [main] INFO  com.pages.PageBase - currentPageCheckByTitle - 'Лента - WorkFlow'
04:11:54.934 [main] INFO  com.pages.PageBase - Title - Лента - WorkFlow ---> OK! 
04:11:54.935 [main] INFO  com.pages.PageBase - userNameCheck - 'Скворцофф А. И. (Jinior QA. Dptt)'
04:11:55.007 [main] INFO  com.pages.PageBase - User - Скворцофф А. И. (Jinior QA. Dptt) ---> OK! 
04:11:55.012 [main] INFO  com.TestBase -  ***** loginPositiveTest - test passed
04:12:00.300 [main] INFO  com.pages.PageBase - openSite - https://gdcloud.ru/release-17/
04:12:03.238 [main] INFO  com.TestBase -  ***** loginNegativeCurrentAccountTest - test started
04:12:03.242 [main] INFO  com.pages.PageBase - inputLogin - tester
04:12:03.546 [main] INFO  com.pages.PageBase - inputPassword - K35G3U
04:12:03.749 [main] INFO  com.pages.PageBase - clickOnCurrentAccountButton --->|
04:12:03.862 [main] INFO  com.pages.PageBase - errorMessageCheck ---> OK!
04:12:03.863 [main] INFO  com.pages.PageBase - currentPageCheckByTitle - 'WorkFlow'
04:12:03.877 [main] INFO  com.pages.PageBase - Title - WorkFlow ---> OK! 
04:12:03.877 [main] INFO  com.TestBase -  ***** loginNegativeCurrentAccountTest - test passed
04:12:09.255 [main] INFO  com.pages.PageBase - openSite - https://gdcloud.ru/release-17/
04:12:12.920 [main] INFO  com.TestBase -  ***** loginNegativeRememberCheckBoxTest - test started
04:12:12.922 [main] INFO  com.pages.PageBase - inputLogin - tester
04:12:13.248 [main] INFO  com.pages.PageBase - inputPassword - K35G3U
04:12:13.551 [main] INFO  com.pages.PageBase - clickOnEnterButton --->|
04:12:13.667 [main] INFO  com.pages.PageBase - currentPageCheckByTitle - 'Лента - WorkFlow'
04:12:20.777 [main] INFO  com.pages.PageBase - Title - Лента - WorkFlow ---> OK! 
04:12:20.777 [main] INFO  com.pages.PageBase - openSiteInNewTab - https://gdcloud.ru/release-17/
04:12:27.461 [main] INFO  com.pages.PageBase - currentPageCheckByTitle - 'Лента - WorkFlow'
04:12:29.363 [main] INFO  com.pages.PageBase - Title - Лента - WorkFlow ---> OK! 
04:12:29.363 [main] INFO  com.pages.PageBase - userNameCheck - 'Скворцофф А. И. (Jinior QA. Dptt)'
04:12:29.446 [main] INFO  com.pages.PageBase - User - Скворцофф А. И. (Jinior QA. Dptt) ---> OK! 
04:12:29.446 [main] INFO  com.TestBase -  ***** loginNegativeRememberCheckBoxTest - test passed
04:12:34.627 [main] INFO  com.pages.PageBase - openSite - https://gdcloud.ru/release-17/
04:12:36.729 [main] INFO  com.TestBase -  ***** loginPageTitleTest - test started
04:12:36.729 [main] INFO  com.pages.PageBase - currentPageCheckByTitle - 'WorkFlow'
04:12:36.746 [main] INFO  com.pages.PageBase - Title - WorkFlow ---> OK! 
04:12:36.747 [main] INFO  com.TestBase -  ***** loginPageTitleTest - test passed
04:12:41.754 [main] INFO  com.pages.PageBase - openSite - https://gdcloud.ru/release-17/
04:12:43.808 [main] INFO  com.TestBase -  ***** loginPositiveRememberCheckBox1Test - test started
04:12:43.809 [main] INFO  com.pages.PageBase - inputLogin - tester
04:12:44.118 [main] INFO  com.pages.PageBase - inputPassword - K35G3U
04:12:44.345 [main] INFO  com.pages.PageBase - clickOnEnterButton --->|
04:12:44.441 [main] INFO  com.pages.PageBase - currentPageCheckByTitle - 'Лента - WorkFlow'
04:12:51.065 [main] INFO  com.pages.PageBase - Title - Лента - WorkFlow ---> OK! 
04:12:51.065 [main] INFO  com.pages.PageBase - openSiteInNewTab - https://gdcloud.ru/release-17/
04:12:56.525 [main] INFO  com.pages.PageBase - currentPageCheckByTitle - 'Лента - WorkFlow'
04:12:58.304 [main] INFO  com.pages.PageBase - Title - Лента - WorkFlow ---> OK! 
04:12:58.304 [main] INFO  com.pages.PageBase - userNameCheck - 'Скворцофф А. И. (Jinior QA. Dptt)'
04:12:58.409 [main] INFO  com.pages.PageBase - User - Скворцофф А. И. (Jinior QA. Dptt) ---> OK! 
04:12:58.409 [main] INFO  com.TestBase -  ***** loginPositiveRememberCheckBox1Test - test passed
04:13:03.484 [main] INFO  com.pages.PageBase - openSite - https://gdcloud.ru/release-17/
04:13:06.538 [main] INFO  com.TestBase -  ***** loginPositiveRememberCheckBoxTest - test started
04:13:06.540 [main] INFO  com.pages.PageBase - inputLogin - tester
04:13:06.803 [main] INFO  com.pages.PageBase - inputPassword - K35G3U
04:13:07.019 [main] INFO  com.pages.PageBase - checkInRememberMe --->|
04:13:07.134 [main] INFO  com.pages.PageBase - clickOnEnterButton --->|
04:13:07.233 [main] INFO  com.pages.PageBase - currentPageCheckByTitle - 'Лента - WorkFlow'
04:13:13.842 [main] INFO  com.pages.PageBase - Title - Лента - WorkFlow ---> OK! 
04:13:13.842 [main] INFO  com.pages.PageBase - openSiteInNewTab - https://gdcloud.ru/release-17/
04:13:19.333 [main] INFO  com.pages.PageBase - currentPageCheckByTitle - 'Лента - WorkFlow'
04:13:21.263 [main] INFO  com.pages.PageBase - Title - Лента - WorkFlow ---> OK! 
04:13:21.264 [main] INFO  com.pages.PageBase - userNameCheck - 'Скворцофф А. И. (Jinior QA. Dptt)'
04:13:21.309 [main] INFO  com.pages.PageBase - User - Скворцофф А. И. (Jinior QA. Dptt) ---> OK! 
04:13:21.309 [main] INFO  com.TestBase -  ***** loginPositiveRememberCheckBoxTest - test passed
04:13:26.405 [main] INFO  com.pages.PageBase - openSite - https://gdcloud.ru/release-17/
04:13:29.650 [main] INFO  com.TestBase -  ***** loginNegativeAnotherAccountTest - test started
04:13:29.651 [main] INFO  com.pages.PageBase - inputLogin - tester
04:13:29.977 [main] INFO  com.pages.PageBase - inputPassword - K35G3U
04:13:30.177 [main] INFO  com.pages.PageBase - clickOnAnotherAccountButton --->|
04:13:30.273 [main] INFO  com.pages.PageBase - errorMessageCheck ---> OK!
04:13:30.273 [main] INFO  com.pages.PageBase - currentPageCheckByTitle - 'WorkFlow'
04:13:30.286 [main] INFO  com.pages.PageBase - Title - WorkFlow ---> OK! 
04:13:30.286 [main] INFO  com.TestBase -  ***** loginNegativeAnotherAccountTest - test passed
04:13:35.189 [main] INFO  com.pages.PageBase - openSite - https://gdcloud.ru/release-17/
04:13:37.496 [main] INFO  com.TestBase -  ***** loginNegativeWrongLoginTest - test started
04:13:37.496 [main] INFO  com.pages.PageBase - inputLogin - stranger
04:13:37.779 [main] INFO  com.pages.PageBase - inputPassword - K35G3U
04:13:38.002 [main] INFO  com.pages.PageBase - clickOnEnterButton --->|
04:13:38.117 [main] INFO  com.pages.PageBase - errorMessageCheck ---> OK!
04:13:38.117 [main] INFO  com.pages.PageBase - currentPageCheckByTitle - 'WorkFlow'
04:13:38.129 [main] INFO  com.pages.PageBase - Title - WorkFlow ---> OK! 
04:13:38.129 [main] INFO  com.TestBase -  ***** loginNegativeWrongLoginTest - test passed
04:13:43.450 [main] INFO  com.pages.PageBase - openSite - https://gdcloud.ru/release-17/
04:13:45.386 [main] INFO  com.TestBase -  ***** loginNegativeWrongPasswordTest - test started
04:13:45.387 [main] INFO  com.pages.PageBase - inputLogin - tester
04:13:45.672 [main] INFO  com.pages.PageBase - inputPassword - 12345678
04:13:45.922 [main] INFO  com.pages.PageBase - clickOnEnterButton --->|
04:13:46.025 [main] INFO  com.pages.PageBase - errorMessageCheck ---> OK!
04:13:46.025 [main] INFO  com.pages.PageBase - currentPageCheckByTitle - 'WorkFlow'
04:13:46.037 [main] INFO  com.pages.PageBase - Title - WorkFlow ---> OK! 
04:13:46.037 [main] INFO  com.TestBase -  ***** loginNegativeWrongPasswordTest - test passed
